2023-08-28 11:12:16.065 [info] Extension host with pid 254 started
2023-08-28 11:12:16.211 [info] ExtensionService#_doActivateExtension ms-python.python, startup: false, activationEvent: 'onLanguage:python'
2023-08-28 11:12:16.216 [info] ExtensionService#_doActivateExtension vscode.emmet, startup: false, activationEvent: 'onLanguage'
2023-08-28 11:12:16.930 [info] Lock '/root/.vscode-server/data/User/workspaceStorage/093403463536b7ba808b7b56b7294dba/vscode.lock': Lock acquired.
2023-08-28 11:12:17.267 [info] ExtensionService#_doActivateExtension ms-python.vscode-pylance, startup: false, activationEvent: 'onLanguage:python'
2023-08-28 11:12:17.986 [info] ExtensionService#_doActivateExtension vscode.git-base, startup: true, activationEvent: '*', root cause: vscode.git
2023-08-28 11:12:18.158 [info] ExtensionService#_doActivateExtension vscode.git, startup: true, activationEvent: '*'
2023-08-28 11:12:18.159 [info] ExtensionService#_doActivateExtension vscode.github, startup: true, activationEvent: '*'
2023-08-28 11:12:18.599 [info] Eager extensions activated
2023-08-28 11:12:18.600 [info] ExtensionService#_doActivateExtension vscode.debug-auto-launch, startup: false, activationEvent: 'onStartupFinished'
2023-08-28 11:12:18.601 [info] ExtensionService#_doActivateExtension vscode.merge-conflict, startup: false, activationEvent: 'onStartupFinished'
2023-08-28 11:41:15.056 [info] ExtensionService#_doActivateExtension vscode.npm, startup: false, activationEvent: 'onTerminalQuickFixRequest:ms-vscode.npm-command'
2023-08-28 12:00:37.436 [info] ExtensionService#_doActivateExtension vscode.extension-editing, startup: false, activationEvent: 'onLanguage:json'
2023-08-28 12:00:37.438 [info] ExtensionService#_doActivateExtension vscode.json-language-features, startup: false, activationEvent: 'onLanguage:json'
2023-08-28 12:04:58.446 [error] [ms-python.python] provider FAILED
2023-08-28 12:04:58.448 [error] TypeError: Cannot read properties of undefined (reading 'data')
	at /root/.vscode-server/extensions/ms-python.vscode-pylance-2023.8.40/dist/extension.bundle.js:1:71018
	at _0x43fdbb (/root/.vscode-server/extensions/ms-python.vscode-pylance-2023.8.40/dist/extension.bundle.js:1:82653)
	at async ce.provideCompletionItems (/root/.vscode-server/bin/6c3e3dba23e8fadc360aed75ce363ba185c49794/out/vs/workbench/api/node/extensionHostProcess.js:105:50188)
2023-08-28 12:22:30.912 [info] Extension host terminating: received terminate message from renderer
2023-08-28 12:22:30.914 [info] Lock '/root/.vscode-server/data/User/workspaceStorage/093403463536b7ba808b7b56b7294dba/vscode.lock': Marking the lockfile as scheduled to be released in 6000 ms.
2023-08-28 12:22:31.096 [info] Extension host with pid 254 exiting with code 0
